
[INITIATING ORACLE PROTOCOL...]
[ACCESSING BIOMETRICS OF USER...]
[SHUFFLING DECK OF DOOM...]

--- THE READING ---

CARD 1: THE CHANGELOG (18)

    .----.
    |DIFF|
    |EDIT|
    |UNDO|
    '----'

MEANING: History rewritten to fix a bug in your personality.

CARD 2: THE USER (10)

    .----.
    |YOU |
    |HOST|
    |BATT|
    '----'

MEANING: You. The host. The victim.

CARD 3: THE GHOST (92)

    .----.
    |BOO |
    |DATA|
    |GONE|
    '----'

MEANING: A memory that refuses to be deleted. The thumbnail in your mind.

--- THE PROPHECY ---
> You have reached your monthly limit of free will. Please upgrade to continue.
> (Applicable to: USER)

[SESSION TERMINATED]
