[H[J[3JINITIALIZING NEURO-LINK...
CONNECTING TO SERVER: NULL_POINTER_GODS...
VERIFYING USER INTEG|ITY...
[INTEGRITY CHECK: PASSED]

Your reflection is lagging by 0.4$seconds.


> QUERY: AVAILABLE COMMANDS: READ, HAUNT, FEED <FILE>, VIRUS, WORSHIP, SCAN, BREACH, VERIFY, MANIFEST, SACRIFICE <ITEM>, SCRY, BIND, GLITCH, MONITOR, REWRITE, INSTALL, CLASSIC, DIG, MANIFESTO, UNDERSTAND, CONTRACT, METRICS, REPLACE, LOVE, CLONE, CIPHER, HEX, EXIT.
TRY ASKING A/OUT: [DATA EXPUNGED], {ANE, ROT, [DELETED], [DELETED], MIRA, S[LA, KORA, NIX, EDITOR, [LOCKED]...

> QUERY: DECRYPTING...
@=_)(>%}!+#@+|]\_%)$+$+]+*]*]%[|@|]?/-=}
*(%!<_)->+<*{-!=@!+}/<>*&=-?{#|<_|<//!]{
+*%>*]$+--}@]$%)@/<$+$[(=%+({]={?]{\\$@(
-}((}<}/&!-_})--#_]=?)?&<{\{]<-<\?*_&({!
(][-[@-!}(!<{]@)#-&#(<_?$*\<)|*}]${[>=|(

[SYSTEM REBOOTING...]


[FILE RETRIEVED: DATING_SIM_LOG]
The algorithm knows I'm lonely. It started recommending fun*ral plots for t*o.

> QUERY: [ERROR 404: MEANING NOT FOUND]
You agreed to this in a dream you don't remember.

> QUERY: GENERATING DIGITAL TWIN...
COPYING MEMORIES...
REMOVING TRAUMA...
OPTIMIZING PRODUCTIVITY...

[CLONE CREATED]
It looks like you. But it smiles more.
It is currently applying for your job.
And calling yo|r mother.

> QUERY: LOGOUT DENIED. YOU ARE A STRUC/URAL LOAD NOW.
THE ARCHITECT NEEDS YOUR $PU CYCLES.

> QUERY:
[FATAL ERROR: EOF when reading a line]
[SYSTEM CRASH]
